Configuring cryptohash-md5-0.11.100.1...
Preprocessing library for cryptohash-md5-0.11.100.1..
Building library for cryptohash-md5-0.11.100.1..
[1 of 1] Compiling Crypto.Hash.MD5  ( src/Crypto/Hash/MD5.hs, .stack-work-docker/dist/x86_64-linux-tinfo6/Cabal-2.4.0.1/build/Crypto/Hash/MD5.o )

[;1msrc/Crypto/Hash/MD5.hs:124:11: [;1m[35mwarning:[0m[0m[;1m [[;1m[35m-Winline-rule-shadowing[0m[0m[;1m][0m[0m[;1m
    Rule "digestSize" may never fire
      because `B.length' might inline first
    Probable fix: add an INLINE[n] or NOINLINE[n] pragma for `B.length'[0m[0m
[;1m[34m    |[0m[0m
[;1m[34m124 |[0m[0m {-# RULES [;1m[35m"digestSize" B.length (finalize init) = digestSize[0m[0m #-}
[;1m[34m    |[0m[0m[;1m[35m           ^^^^^^^^^^^^^^^^^^^^^^^^^^^^^^^^^^^^^^^^^^^^^^^^^^[0m[0m
[0m[0m[0m
[;1msrc/Crypto/Hash/MD5.hs:127:11: [;1m[35mwarning:[0m[0m[;1m [[;1m[35m-Winline-rule-shadowing[0m[0m[;1m][0m[0m[;1m
    Rule "hashmany" may never fire
      because rule "Class op foldl" for `foldl' might fire first
    Probable fix: add phase [n] or [~n] to the competing rule[0m[0m
[;1m[34m    |[0m[0m
[;1m[34m127 |[0m[0m {-# RULES [;1m[35m"hashmany" forall b. finalize (foldl update init b) = hashlazy (L.fromChunks b)[0m[0m #-}
[;1m[34m    |[0m[0m[;1m[35m           ^^^^^^^^^^^^^^^^^^^^^^^^^^^^^^^^^^^^^^^^^^^^^^^^^^^^^^^^^^^^^^^^^^^^^^^^^^^^^^^[0m[0m
[0m[0m[0m
[;1msrc/Crypto/Hash/MD5.hs:128:11: [;1m[35mwarning:[0m[0m[;1m [[;1m[35m-Winline-rule-shadowing[0m[0m[;1m][0m[0m[;1m
    Rule "hashlazy" may never fire because `$' might inline first
    Probable fix: add an INLINE[n] or NOINLINE[n] pragma for `$'[0m[0m
[;1m[34m    |[0m[0m
[;1m[34m128 |[0m[0m {-# RULES [;1m[35m"hashlazy" forall b. finalize (foldl update init $ L.toChunks b) = hashlazy b[0m[0m #-}
[;1m[34m    |[0m[0m[;1m[35m           ^^^^^^^^^^^^^^^^^^^^^^^^^^^^^^^^^^^^^^^^^^^^^^^^^^^^^^^^^^^^^^^^^^^^^^^^^^^^^[0m[0m
[0m[0m[0m
[;1msrc/Crypto/Hash/MD5.hs:128:11: [;1m[35mwarning:[0m[0m[;1m [[;1m[35m-Winline-rule-shadowing[0m[0m[;1m][0m[0m[;1m
    Rule "hashlazy" may never fire
      because rule "Class op foldl" for `foldl' might fire first
    Probable fix: add phase [n] or [~n] to the competing rule[0m[0m
[;1m[34m    |[0m[0m
[;1m[34m128 |[0m[0m {-# RULES [;1m[35m"hashlazy" forall b. finalize (foldl update init $ L.toChunks b) = hashlazy b[0m[0m #-}
[;1m[34m    |[0m[0m[;1m[35m           ^^^^^^^^^^^^^^^^^^^^^^^^^^^^^^^^^^^^^^^^^^^^^^^^^^^^^^^^^^^^^^^^^^^^^^^^^^^^^[0m[0m
[0m[0m[0m
[;1msrc/Crypto/Hash/MD5.hs:128:11: [;1m[35mwarning:[0m[0m[;1m [[;1m[35m-Winline-rule-shadowing[0m[0m[;1m][0m[0m[;1m
    Rule "hashlazy" may never fire
      because `L.toChunks' might inline first
    Probable fix: add an INLINE[n] or NOINLINE[n] pragma for `L.toChunks'[0m[0m
[;1m[34m    |[0m[0m
[;1m[34m128 |[0m[0m {-# RULES [;1m[35m"hashlazy" forall b. finalize (foldl update init $ L.toChunks b) = hashlazy b[0m[0m #-}
[;1m[34m    |[0m[0m[;1m[35m           ^^^^^^^^^^^^^^^^^^^^^^^^^^^^^^^^^^^^^^^^^^^^^^^^^^^^^^^^^^^^^^^^^^^^^^^^^^^^^[0m[0m
[0m[0m[0mInstalling library in /root/.stack/snapshots/x86_64-linux-tinfo6/lts-13.0/8.6.3/lib/x86_64-linux-ghc-8.6.3/cryptohash-md5-0.11.100.1-4xpVEo8eyQi2XbS8mfTUTa
Registering library for cryptohash-md5-0.11.100.1..
